<?xml version="1.0" encoding="UTF-8"?>
<!-- Generated by org.testng.reporters.JUnitReportReporter -->
<testsuite hostname="hiepvm-PC" name="Maven_project.RegisterScript" tests="8" failures="0" timestamp="3 Aug 2016 03:02:44 GMT" time="116.794" errors="0">
  <testcase name="registerFailNoFirstName" time="14.591" classname="Maven_project.RegisterScript"/>
  <testcase name="registerFailNoPass" time="15.281" classname="Maven_project.RegisterScript"/>
  <testcase name="registerFailNoEmail" time="14.045" classname="Maven_project.RegisterScript"/>
  <testcase name="registerFailNoConfPass" time="13.555" classname="Maven_project.RegisterScript"/>
  <testcase name="registerFailNoLastName" time="14.331" classname="Maven_project.RegisterScript"/>
  <testcase name="registerFailDuplicateEmail" time="15.269" classname="Maven_project.RegisterScript"/>
  <testcase name="registerSuccess" time="16.406" classname="Maven_project.RegisterScript"/>
  <testcase name="registerFailConfPassNotMatch" time="13.316" classname="Maven_project.RegisterScript"/>
</testsuite> <!-- Maven_project.RegisterScript -->
